2025-08-22 00:47:02,074 - __main__ - INFO - Starting AI Resume Analyzer...
2025-08-22 00:47:16,587 - project.nlp.parsers.pdf_parser - WARNING - python-docx not available. DOCX parsing will be disabled.
2025-08-22 00:47:18,704 - sentence_transformers.SentenceTransformer - INFO - Use pytorch device_name: cpu
2025-08-22 00:47:18,704 - sentence_transformers.SentenceTransformer - INFO - Load pretrained SentenceTransformer: all-MiniLM-L6-v2
2025-08-22 00:47:40,945 - project.orchestrator - INFO - NLP models loaded successfully
2025-08-22 00:47:40,948 - project - INFO - Main blueprint registered successfully
2025-08-22 00:47:40,948 - project - INFO - Error handlers registered successfully
2025-08-22 00:47:40,949 - project - INFO - Application factory completed successfully
2025-08-22 00:47:40,950 - __main__ - INFO - Application configured successfully
2025-08-22 00:47:40,950 - __main__ - INFO - Environment: development
2025-08-22 00:47:40,950 - __main__ - INFO - Debug mode: True
2025-08-22 00:47:40,951 - __main__ - INFO - Host: 127.0.0.1
2025-08-22 00:47:40,951 - __main__ - INFO - Port: 5000
2025-08-22 00:47:40,999 - werkzeug - INFO - [31m[1mWARNING: This is a development server. Do not use it in a production deployment. Use a production WSGI server instead.[0m
 * Running on http://127.0.0.1:5000
2025-08-22 00:47:40,999 - werkzeug - INFO - [33mPress CTRL+C to quit[0m
2025-08-22 00:47:41,001 - werkzeug - INFO -  * Restarting with stat
2025-08-22 00:47:41,179 - __main__ - INFO - Starting AI Resume Analyzer...
2025-08-22 00:47:57,898 - project.nlp.parsers.pdf_parser - WARNING - python-docx not available. DOCX parsing will be disabled.
2025-08-22 00:47:59,764 - sentence_transformers.SentenceTransformer - INFO - Use pytorch device_name: cpu
2025-08-22 00:47:59,766 - sentence_transformers.SentenceTransformer - INFO - Load pretrained SentenceTransformer: all-MiniLM-L6-v2
2025-08-22 00:48:04,574 - project.orchestrator - INFO - NLP models loaded successfully
2025-08-22 00:48:04,576 - project - INFO - Main blueprint registered successfully
2025-08-22 00:48:04,576 - project - INFO - Error handlers registered successfully
2025-08-22 00:48:04,577 - project - INFO - Application factory completed successfully
2025-08-22 00:48:04,577 - __main__ - INFO - Application configured successfully
2025-08-22 00:48:04,578 - __main__ - INFO - Environment: development
2025-08-22 00:48:04,578 - __main__ - INFO - Debug mode: True
2025-08-22 00:48:04,578 - __main__ - INFO - Host: 127.0.0.1
2025-08-22 00:48:04,578 - __main__ - INFO - Port: 5000
2025-08-22 00:48:04,596 - werkzeug - WARNING -  * Debugger is active!
2025-08-22 00:48:04,602 - werkzeug - INFO -  * Debugger PIN: 141-615-833
2025-08-22 00:51:50,013 - werkzeug - INFO - 127.0.0.1 - - [22/Aug/2025 00:51:50] "GET / HTTP/1.1" 200 -
2025-08-22 00:51:50,529 - werkzeug - INFO - 127.0.0.1 - - [22/Aug/2025 00:51:50] "[36mGET /static/css/style.css HTTP/1.1[0m" 304 -
2025-08-22 00:51:50,563 - werkzeug - INFO - 127.0.0.1 - - [22/Aug/2025 00:51:50] "[36mGET /static/js/network.js HTTP/1.1[0m" 304 -
2025-08-22 00:52:16,576 - project.main.routes - INFO - Starting analysis for file: MOHAMED_SABRI.pdf
2025-08-22 00:52:16,578 - project.orchestrator - INFO - Starting analysis for file: MOHAMED_SABRI.pdf
2025-08-22 00:52:17,074 - project.nlp.parsers.pdf_parser - INFO - Successfully extracted data from MOHAMED_SABRI.pdf
2025-08-22 00:52:17,076 - project.orchestrator - INFO - Extracting skills from resume and job description
2025-08-22 00:52:18,113 - project.orchestrator - INFO - Performing advanced text analysis
2025-08-22 00:52:18,430 - project.orchestrator - INFO - Generating feedback and recommendations
2025-08-22 00:52:18,431 - project.orchestrator - INFO - Analysis completed successfully for MOHAMED_SABRI.pdf
2025-08-22 00:52:18,431 - project.main.routes - INFO - Analysis completed successfully for MOHAMED_SABRI.pdf
2025-08-22 00:52:18,434 - werkzeug - INFO - 127.0.0.1 - - [22/Aug/2025 00:52:18] "POST /api/analyze HTTP/1.1" 200 -
2025-08-22 00:57:22,703 - __main__ - INFO - Starting AI Resume Analyzer...
2025-08-22 01:06:09,277 - __main__ - INFO - Starting AI Resume Analyzer...
2025-08-22 01:06:28,336 - sentence_transformers.SentenceTransformer - INFO - Use pytorch device_name: cpu
2025-08-22 01:06:28,337 - sentence_transformers.SentenceTransformer - INFO - Load pretrained SentenceTransformer: all-MiniLM-L6-v2
2025-08-22 01:06:32,987 - project.orchestrator - INFO - NLP models loaded successfully
2025-08-22 01:06:32,989 - project - INFO - Main blueprint registered successfully
2025-08-22 01:06:32,990 - project - INFO - Error handlers registered successfully
2025-08-22 01:06:32,990 - project - INFO - Application factory completed successfully
2025-08-22 01:06:32,991 - __main__ - INFO - Application configured successfully
2025-08-22 01:06:32,991 - __main__ - INFO - Environment: development
2025-08-22 01:06:32,992 - __main__ - INFO - Debug mode: True
2025-08-22 01:06:32,992 - __main__ - INFO - Host: 127.0.0.1
2025-08-22 01:06:32,992 - __main__ - INFO - Port: 5000
2025-08-22 01:06:33,021 - werkzeug - INFO - [31m[1mWARNING: This is a development server. Do not use it in a production deployment. Use a production WSGI server instead.[0m
 * Running on http://127.0.0.1:5000
2025-08-22 01:06:33,021 - werkzeug - INFO - [33mPress CTRL+C to quit[0m
2025-08-22 01:06:33,024 - werkzeug - INFO -  * Restarting with stat
2025-08-22 01:06:33,126 - __main__ - INFO - Starting AI Resume Analyzer...
2025-08-22 01:06:41,564 - sentence_transformers.SentenceTransformer - INFO - Use pytorch device_name: cpu
2025-08-22 01:06:41,565 - sentence_transformers.SentenceTransformer - INFO - Load pretrained SentenceTransformer: all-MiniLM-L6-v2
2025-08-22 01:06:46,398 - project.orchestrator - INFO - NLP models loaded successfully
2025-08-22 01:06:46,401 - project - INFO - Main blueprint registered successfully
2025-08-22 01:06:46,401 - project - INFO - Error handlers registered successfully
2025-08-22 01:06:46,401 - project - INFO - Application factory completed successfully
2025-08-22 01:06:46,402 - __main__ - INFO - Application configured successfully
2025-08-22 01:06:46,402 - __main__ - INFO - Environment: development
2025-08-22 01:06:46,402 - __main__ - INFO - Debug mode: True
2025-08-22 01:06:46,402 - __main__ - INFO - Host: 127.0.0.1
2025-08-22 01:06:46,402 - __main__ - INFO - Port: 5000
2025-08-22 01:06:46,418 - werkzeug - WARNING -  * Debugger is active!
2025-08-22 01:06:46,422 - werkzeug - INFO -  * Debugger PIN: 898-425-746
2025-08-22 01:06:46,468 - werkzeug - INFO - 127.0.0.1 - - [22/Aug/2025 01:06:46] "GET / HTTP/1.1" 200 -
2025-08-22 01:06:46,619 - werkzeug - INFO - 127.0.0.1 - - [22/Aug/2025 01:06:46] "[36mGET /static/js/network.js HTTP/1.1[0m" 304 -
2025-08-22 01:06:46,620 - werkzeug - INFO - 127.0.0.1 - - [22/Aug/2025 01:06:46] "[36mGET /static/css/style.css HTTP/1.1[0m" 304 -
2025-08-22 01:07:13,919 - project.main.routes - INFO - Starting analysis for file: MOHAMED_SABRI.pdf
2025-08-22 01:07:13,919 - project.orchestrator - INFO - Starting analysis for file: MOHAMED_SABRI.pdf
2025-08-22 01:07:14,080 - project.nlp.parsers.pdf_parser - INFO - Successfully extracted data from MOHAMED_SABRI.pdf
2025-08-22 01:07:14,080 - project.orchestrator - INFO - Extracting skills from resume and job description
2025-08-22 01:07:14,478 - project.orchestrator - INFO - Performing advanced text analysis
2025-08-22 01:07:14,645 - project.orchestrator - INFO - Generating feedback and recommendations
2025-08-22 01:07:14,646 - project.orchestrator - INFO - Analysis completed successfully for MOHAMED_SABRI.pdf
2025-08-22 01:07:14,646 - project.main.routes - INFO - Analysis completed successfully for MOHAMED_SABRI.pdf
2025-08-22 01:07:14,647 - werkzeug - INFO - 127.0.0.1 - - [22/Aug/2025 01:07:14] "POST /api/analyze HTTP/1.1" 200 -
2025-08-22 01:07:47,232 - project.main.routes - INFO - Starting analysis for file: Sabri_Mazahim_-_Resume.pdf
2025-08-22 01:07:47,232 - project.orchestrator - INFO - Starting analysis for file: Sabri_Mazahim_-_Resume.pdf
2025-08-22 01:07:47,460 - project.nlp.parsers.pdf_parser - INFO - Successfully extracted data from Sabri_Mazahim_-_Resume.pdf
2025-08-22 01:07:47,461 - project.orchestrator - INFO - Extracting skills from resume and job description
2025-08-22 01:07:47,703 - project.orchestrator - INFO - Performing advanced text analysis
2025-08-22 01:07:47,845 - project.orchestrator - INFO - Generating feedback and recommendations
2025-08-22 01:07:47,846 - project.orchestrator - INFO - Analysis completed successfully for Sabri_Mazahim_-_Resume.pdf
2025-08-22 01:07:47,846 - project.main.routes - INFO - Analysis completed successfully for Sabri_Mazahim_-_Resume.pdf
2025-08-22 01:07:47,847 - werkzeug - INFO - 127.0.0.1 - - [22/Aug/2025 01:07:47] "POST /api/analyze HTTP/1.1" 200 -
2025-08-22 01:08:35,645 - project.main.routes - INFO - Starting analysis for file: Hasna_resume.pdf
2025-08-22 01:08:35,645 - project.orchestrator - INFO - Starting analysis for file: Hasna_resume.pdf
2025-08-22 01:08:35,751 - project.nlp.parsers.pdf_parser - INFO - Successfully extracted data from Hasna_resume.pdf
2025-08-22 01:08:35,752 - project.orchestrator - INFO - Extracting skills from resume and job description
2025-08-22 01:08:35,944 - project.orchestrator - INFO - Performing advanced text analysis
2025-08-22 01:08:36,034 - project.orchestrator - INFO - Generating feedback and recommendations
2025-08-22 01:08:36,035 - project.orchestrator - INFO - Analysis completed successfully for Hasna_resume.pdf
2025-08-22 01:08:36,035 - project.main.routes - INFO - Analysis completed successfully for Hasna_resume.pdf
2025-08-22 01:08:36,036 - werkzeug - INFO - 127.0.0.1 - - [22/Aug/2025 01:08:36] "POST /api/analyze HTTP/1.1" 200 -
